Using pre-set license
Built from '2020.3/staging' branch; Version is '2020.3.9f1 (108be757e447) revision 1084391'; Using compiler version '192528614'; Build Type 'Release'
OS: 'Windows 10 Home Single Language; OS build 19043.1023; Version 2009; 64bit' Language: 'en' Physical Memory: 7955 MB
BatchMode: 1, IsHumanControllingUs: 0, StartBugReporterOnCrash: 0, Is64bit: 1, IsPro: 0

 COMMAND LINE ARGUMENTS:
C:\Program Files\Unity\Hub\Editor\2020.3.9f1\Editor\Unity.exe
-adb2
-batchMode
-noUpm
-name
AssetImportWorker0
-projectPath
D:/SnT Game Dev/Unity/Project_01
-logFile
Logs/AssetImportWorker0.log
-srvPort
56882
Successfully changed project path to: D:/SnT Game Dev/Unity/Project_01
D:/SnT Game Dev/Unity/Project_01
Using Asset Import Pipeline V2.
Refreshing native plugins compatible for Editor in 58.09 ms, found 0 plugins.
Preloading 0 native plugins for Editor in 0.00 ms.
Initialize engine version: 2020.3.9f1 (108be757e447)
[Subsystems] Discovering subsystems at path C:/Program Files/Unity/Hub/Editor/2020.3.9f1/Editor/Data/Resources/UnitySubsystems
[Subsystems] Discovering subsystems at path D:/SnT Game Dev/Unity/Project_01/Assets
GfxDevice: creating device client; threaded=0
Direct3D:
    Version:  Direct3D 11.0 [level 11.1]
    Renderer: NVIDIA GeForce MX330 (ID=0x1d16)
    Vendor:   
    VRAM:     1983 MB
    Driver:   27.21.14.6647
Initialize mono
Mono path[0] = 'C:/Program Files/Unity/Hub/Editor/2020.3.9f1/Editor/Data/Managed'
Mono path[1] = 'C:/Program Files/Unity/Hub/Editor/2020.3.9f1/Editor/Data/MonoBleedingEdge/lib/mono/unityjit'
Mono config path = 'C:/Program Files/Unity/Hub/Editor/2020.3.9f1/Editor/Data/MonoBleedingEdge/etc'
Using monoOptions --debugger-agent=transport=dt_socket,embedding=1,server=y,suspend=n,address=127.0.0.1:56268
Begin MonoManager ReloadAssembly
Registering precompiled unity dll's ...
Register platform support module: C:/Program Files/Unity/Hub/Editor/2020.3.9f1/Editor/Data/PlaybackEngines/WebGLSupport/UnityEditor.WebGL.Extensions.dll
Register platform support module: C:/Program Files/Unity/Hub/Editor/2020.3.9f1/Editor/Data/PlaybackEngines/WindowsStandaloneSupport/UnityEditor.WindowsStandalone.Extensions.dll
Registered in 0.006596 seconds.
Native extension for WindowsStandalone target not found
Native extension for WebGL target not found
Refreshing native plugins compatible for Editor in 56.99 ms, found 0 plugins.
Preloading 0 native plugins for Editor in 0.00 ms.
Mono: successfully reloaded assembly
- Completed reload, in  4.978 seconds
Platform modules already initialized, skipping
Registering precompiled user dll's ...
Registered in 0.001316 seconds.
Begin MonoManager ReloadAssembly
Native extension for WindowsStandalone target not found
Native extension for WebGL target not found
Refreshing native plugins compatible for Editor in 0.35 ms, found 0 plugins.
Preloading 0 native plugins for Editor in 0.00 ms.
Mono: successfully reloaded assembly
- Completed reload, in  1.881 seconds
Platform modules already initialized, skipping
========================================================================
Worker process is ready to serve import requests
Launched and connected shader compiler UnityShaderCompiler.exe after 0.11 seconds
Refreshing native plugins compatible for Editor in 0.35 ms, found 0 plugins.
Preloading 0 native plugins for Editor in 0.00 ms.
Unloading 1115 Unused Serialized files (Serialized files now loaded: 0)
System memory in use before: 57.2 MB.
System memory in use after: 57.2 MB.

Unloading 10 unused Assets to reduce memory usage. Loaded Objects now: 1557.
Total: 2.163200 ms (FindLiveObjects: 0.147200 ms CreateObjectMapping: 0.064500 ms MarkObjects: 1.833200 ms  DeleteObjects: 0.116400 ms)

========================================================================
Received Import Request.
  path: Assets/Models/Small Building 04/Package/SmallBuilding04.gif
  artifactKey: Guid(e32efe880e8511f4d88578ee80351dfd) Importer(815301076,1909f56bfc062723c751e8b465ee728b)
Start importing Assets/Models/Small Building 04/Package/SmallBuilding04.gif using Guid(e32efe880e8511f4d88578ee80351dfd) Importer(815301076,1909f56bfc062723c751e8b465ee728b)  -> (artifact id: '29e7a24009f4344fdca26af71434e0dc') in 0.206501 seconds
  Import took 0.210833 seconds .

========================================================================
Received Import Request.
  Time since last request: 0.000596 seconds.
  path: Assets/Models/Small Building 04/Package/SmallBuilding04.obj
  artifactKey: Guid(beb9d2b36ae1c35488c2676714b656b3) Importer(815301076,1909f56bfc062723c751e8b465ee728b)
Start importing Assets/Models/Small Building 04/Package/SmallBuilding04.obj using Guid(beb9d2b36ae1c35488c2676714b656b3) Importer(815301076,1909f56bfc062723c751e8b465ee728b)  -> (artifact id: 'b7468c3002273040d200ba2cdabe3031') in 0.318225 seconds
  Import took 0.321936 seconds .

========================================================================
Received Import Request.
  Time since last request: 0.000705 seconds.
  path: Assets/Map/1200px-Warreks_Nest.jpg
  artifactKey: Guid(9fb28925799d03d458929a87a7ff8b31) Importer(815301076,1909f56bfc062723c751e8b465ee728b)
Start importing Assets/Map/1200px-Warreks_Nest.jpg using Guid(9fb28925799d03d458929a87a7ff8b31) Importer(815301076,1909f56bfc062723c751e8b465ee728b)  -> (artifact id: '59f459dff4e8754f49b6d5e7a0881871') in 0.068712 seconds
  Import took 0.072690 seconds .

========================================================================
Received Import Request.
  Time since last request: 0.000716 seconds.
  path: Assets/Models/Small Building 04/Package/SmallBuilding04.png
  artifactKey: Guid(4687d34c1176db14ab001bdfc346b078) Importer(815301076,1909f56bfc062723c751e8b465ee728b)
Start importing Assets/Models/Small Building 04/Package/SmallBuilding04.png using Guid(4687d34c1176db14ab001bdfc346b078) Importer(815301076,1909f56bfc062723c751e8b465ee728b)  -> (artifact id: '7cc038ac219233c26a319edce24f0156') in 0.016321 seconds
  Import took 0.021102 seconds .

========================================================================
Received Import Request.
  Time since last request: 2.074132 seconds.
  path: Assets/Scenes/Level 2.unity
  artifactKey: Guid(9fc0d4010bbf28b4594072e72b8655ab) Importer(815301076,1909f56bfc062723c751e8b465ee728b)
Start importing Assets/Scenes/Level 2.unity using Guid(9fc0d4010bbf28b4594072e72b8655ab) Importer(815301076,1909f56bfc062723c751e8b465ee728b)  -> (artifact id: 'a22fbdd63a4c134faa6f6f8e3a0b0ee4') in 0.005658 seconds
  Import took 0.011080 seconds .

========================================================================
Received Import Request.
  Time since last request: 0.011246 seconds.
  path: Assets/Scenes/Level 2.unity
  artifactKey: Guid(9fc0d4010bbf28b4594072e72b8655ab) Importer(815301076,1909f56bfc062723c751e8b465ee728b)
Start importing Assets/Scenes/Level 2.unity using Guid(9fc0d4010bbf28b4594072e72b8655ab) Importer(815301076,1909f56bfc062723c751e8b465ee728b)  -> (artifact id: 'a22fbdd63a4c134faa6f6f8e3a0b0ee4') in 0.003947 seconds
  Import took 0.008951 seconds .

========================================================================
Received Import Request.
  Time since last request: 2.231457 seconds.
  path: Assets/Scenes/Level 1.unity
  artifactKey: Guid(1d2e44627d2752848bbb56fd46517094) Importer(815301076,1909f56bfc062723c751e8b465ee728b)
Start importing Assets/Scenes/Level 1.unity using Guid(1d2e44627d2752848bbb56fd46517094) Importer(815301076,1909f56bfc062723c751e8b465ee728b)  -> (artifact id: '623781dd90f714ce20116db047cbeb87') in 0.008242 seconds
  Import took 0.025479 seconds .

========================================================================
Received Import Request.
  Time since last request: 0.937393 seconds.
  path: Assets/Scenes/Level 3.unity
  artifactKey: Guid(190d64f40dbc5634c87a4db32ae0b1bb) Importer(815301076,1909f56bfc062723c751e8b465ee728b)
Start importing Assets/Scenes/Level 3.unity using Guid(190d64f40dbc5634c87a4db32ae0b1bb) Importer(815301076,1909f56bfc062723c751e8b465ee728b)  -> (artifact id: '5968b43e057ad86178670beafe4df1a3') in 0.004974 seconds
  Import took 0.009987 seconds .

AssetImportWorkerClient::OnTransportError - code=2 error=End of file
